# JRE version: OpenJDK Runtime Environment AdoptOpenJDK (11.0.8+10) (build 11.0.8+10)
# Java VM: OpenJDK 64-Bit Server VM AdoptOpenJDK (11.0.8+10, mixed mode, tiered, compressed oops, parallel gc, windows-amd64)
Heap:
 PSYoungGen      total 18944K, used 13886K [0x00000000eab00000, 0x00000000ec600000, 0x0000000100000000)
  eden space 12800K, 63% used [0x00000000eab00000,0x00000000eb2fcdf0,0x00000000eb780000)
  from space 6144K, 92% used [0x00000000eb780000,0x00000000ebd12b90,0x00000000ebd80000)
  to   space 6656K, 0% used [0x00000000ebf80000,0x00000000ebf80000,0x00000000ec600000)
 ParOldGen       total 201216K, used 188554K [0x00000000c0000000, 0x00000000cc480000, 0x00000000eab00000)
  object space 201216K, 93% used [0x00000000c0000000,0x00000000cb822a00,0x00000000cc480000)
 Metaspace       used 90228K, capacity 93799K, committed 94208K, reserved 1134592K
  class space    used 7874K, capacity 9059K, committed 9216K, reserved 1048576K
GC Heap History (20 events):
Event: 3797.221 GC heap before
{Heap before GC invocations=18850 (full 363):
 PSYoungGen      total 27136K, used 25385K [0x00000000eab00000, 0x00000000ecd00000, 0x0000000100000000)
  eden space 18944K, 100% used [0x00000000eab00000,0x00000000ebd80000,0x00000000ebd80000)
  from space 8192K, 78% used [0x00000000ebd80000,0x00000000ec3ca650,0x00000000ec580000)
  to   space 7168K, 0% used [0x00000000ec600000,0x00000000ec600000,0x00000000ecd00000)
 ParOldGen       total 201216K, used 167271K [0x00000000c0000000, 0x00000000cc480000, 0x00000000eab00000)
  object space 201216K, 83% used [0x00000000c0000000,0x00000000ca359d00,0x00000000cc480000)
 Metaspace       used 90023K, capacity 93543K, committed 93952K, reserved 1134592K
  class space    used 7866K, capacity 9059K, committed 9216K, reserved 1048576K
}
Event: 3797.237 GC heap after
{Heap after GC invocations=18850 (full 363):
 PSYoungGen      total 16896K, used 7143K [0x00000000eab00000, 0x00000000ee200000, 0x0000000100000000)
  eden space 9728K, 0% used [0x00000000eab00000,0x00000000eab00000,0x00000000eb480000)
  from space 7168K, 99% used [0x00000000ec600000,0x00000000eccf9e38,0x00000000ecd00000)
  to   space 17920K, 0% used [0x00000000eb480000,0x00000000eb480000,0x00000000ec600000)
 ParOldGen       total 201216K, used 176033K [0x00000000c0000000, 0x00000000cc480000, 0x00000000eab00000)
  object space 201216K, 87% used [0x00000000c0000000,0x00000000cabe8488,0x00000000cc480000)
 Metaspace       used 90023K, capacity 93543K, committed 93952K, reserved 1134592K
  class space    used 7866K, capacity 9059K, committed 9216K, reserved 1048576K
}
Event: 3797.355 GC heap before
{Heap before GC invocations=18851 (full 363):
 PSYoungGen      total 16896K, used 16871K [0x00000000eab00000, 0x00000000ee200000, 0x0000000100000000)
  eden space 9728K, 100% used [0x00000000eab00000,0x00000000eb480000,0x00000000eb480000)
  from space 7168K, 99% used [0x00000000ec600000,0x00000000eccf9e38,0x00000000ecd00000)
  to   space 17920K, 0% used [0x00000000eb480000,0x00000000eb480000,0x00000000ec600000)
 ParOldGen       total 201216K, used 176033K [0x00000000c0000000, 0x00000000cc480000, 0x00000000eab00000)
  object space 201216K, 87% used [0x00000000c0000000,0x00000000cabe8488,0x00000000cc480000)
 Metaspace       used 90052K, capacity 93607K, committed 93952K, reserved 1134592K
  class space    used 7867K, capacity 9059K, committed 9216K, reserved 1048576K
}
Event: 3797.361 GC heap after
{Heap after GC invocations=18851 (full 363):
 PSYoungGen      total 19456K, used 9246K [0x00000000eab00000, 0x00000000ecc80000, 0x0000000100000000)
  eden space 9728K, 0% used [0x00000000eab00000,0x00000000eab00000,0x00000000eb480000)
  from space 9728K, 95% used [0x00000000eb480000,0x00000000ebd87bf0,0x00000000ebe00000)
  to   space 11776K, 0% used [0x00000000ec100000,0x00000000ec100000,0x00000000ecc80000)
 ParOldGen       total 201216K, used 177017K [0x00000000c0000000, 0x00000000cc480000, 0x00000000eab00000)
  object space 201216K, 87% used [0x00000000c0000000,0x00000000cacde4f0,0x00000000cc480000)
 Metaspace       used 90052K, capacity 93607K, committed 93952K, reserved 1134592K
  class space    used 7867K, capacity 9059K, committed 9216K, reserved 1048576K
}
Event: 3797.502 GC heap before
{Heap before GC invocations=18852 (full 363):
 PSYoungGen      total 19456K, used 18974K [0x00000000eab00000, 0x00000000ecc80000, 0x0000000100000000)
  eden space 9728K, 100% used [0x00000000eab00000,0x00000000eb480000,0x00000000eb480000)
  from space 9728K, 95% used [0x00000000eb480000,0x00000000ebd87bf0,0x00000000ebe00000)
  to   space 11776K, 0% used [0x00000000ec100000,0x00000000ec100000,0x00000000ecc80000)
 ParOldGen       total 201216K, used 177017K [0x00000000c0000000, 0x00000000cc480000, 0x00000000eab00000)
  object space 201216K, 87% used [0x00000000c0000000,0x00000000cacde4f0,0x00000000cc480000)
 Metaspace       used 90059K, capacity 93607K, committed 93952K, reserved 1134592K
  class space    used 7867K, capacity 9059K, committed 9216K, reserved 1048576K
}
Event: 3797.510 GC heap after
{Heap after GC invocations=18852 (full 363):
 PSYoungGen      total 22016K, used 11745K [0x00000000eab00000, 0x00000000ecd80000, 0x0000000100000000)
  eden space 10240K, 0% used [0x00000000eab00000,0x00000000eab00000,0x00000000eb500000)
  from space 11776K, 99% used [0x00000000ec100000,0x00000000ecc785a0,0x00000000ecc80000)
  to   space 12288K, 0% used [0x00000000eb500000,0x00000000eb500000,0x00000000ec100000)
 ParOldGen       total 201216K, used 177025K [0x00000000c0000000, 0x00000000cc480000, 0x00000000eab00000)
  object space 201216K, 87% used [0x00000000c0000000,0x00000000cace04f0,0x00000000cc480000)
 Metaspace       used 90059K, capacity 93607K, committed 93952K, reserved 1134592K
  class space    used 7867K, capacity 9059K, committed 9216K, reserved 1048576K
}
Event: 3797.652 GC heap before
{Heap before GC invocations=18853 (full 363):
 PSYoungGen      total 22016K, used 21985K [0x00000000eab00000, 0x00000000ecd80000, 0x0000000100000000)
  eden space 10240K, 100% used [0x00000000eab00000,0x00000000eb500000,0x00000000eb500000)
  from space 11776K, 99% used [0x00000000ec100000,0x00000000ecc785a0,0x00000000ecc80000)
  to   space 12288K, 0% used [0x00000000eb500000,0x00000000eb500000,0x00000000ec100000)
 ParOldGen       total 201216K, used 177025K [0x00000000c0000000, 0x00000000cc480000, 0x00000000eab00000)
  object space 201216K, 87% used [0x00000000c0000000,0x00000000cace04f0,0x00000000cc480000)
 Metaspace       used 90121K, capacity 93671K, committed 94208K, reserved 1134592K
  class space    used 7871K, capacity 9059K, committed 9216K, reserved 1048576K
}
Event: 3797.659 GC heap after
{Heap after GC invocations=18853 (full 363):
 PSYoungGen      total 18432K, used 7786K [0x00000000eab00000, 0x00000000ec900000, 0x0000000100000000)
  eden space 10240K, 0% used [0x00000000eab00000,0x00000000eab00000,0x00000000eb500000)
  from space 8192K, 95% used [0x00000000eb500000,0x00000000ebc9a820,0x00000000ebd00000)
  to   space 9728K, 0% used [0x00000000ebf80000,0x00000000ebf80000,0x00000000ec900000)
 ParOldGen       total 201216K, used 179266K [0x00000000c0000000, 0x00000000cc480000, 0x00000000eab00000)
  object space 201216K, 89% used [0x00000000c0000000,0x00000000caf10818,0x00000000cc480000)
 Metaspace       used 90121K, capacity 93671K, committed 94208K, reserved 1134592K
  class space    used 7871K, capacity 9059K, committed 9216K, reserved 1048576K
}
Event: 3797.744 GC heap before
{Heap before GC invocations=18854 (full 363):
 PSYoungGen      total 18432K, used 18026K [0x00000000eab00000, 0x00000000ec900000, 0x0000000100000000)
  eden space 10240K, 100% used [0x00000000eab00000,0x00000000eb500000,0x00000000eb500000)
  from space 8192K, 95% used [0x00000000eb500000,0x00000000ebc9a820,0x00000000ebd00000)
  to   space 9728K, 0% used [0x00000000ebf80000,0x00000000ebf80000,0x00000000ec900000)
 ParOldGen       total 201216K, used 179266K [0x00000000c0000000, 0x00000000cc480000, 0x00000000eab00000)
  object space 201216K, 89% used [0x00000000c0000000,0x00000000caf10818,0x00000000cc480000)
 Metaspace       used 90177K, capacity 93735K, committed 94208K, reserved 1134592K
  class space    used 7873K, capacity 9059K, committed 9216K, reserved 1048576K
}
Event: 3797.754 GC heap after
{Heap after GC invocations=18854 (full 363):
 PSYoungGen      total 20992K, used 9166K [0x00000000eab00000, 0x00000000ec900000, 0x0000000100000000)
  eden space 11264K, 0% used [0x00000000eab00000,0x00000000eab00000,0x00000000eb600000)
  from space 9728K, 94% used [0x00000000ebf80000,0x00000000ec873850,0x00000000ec900000)
  to   space 9728K, 0% used [0x00000000eb600000,0x00000000eb600000,0x00000000ebf80000)
 ParOldGen       total 201216K, used 179274K [0x00000000c0000000, 0x00000000cc480000, 0x00000000eab00000)
  object space 201216K, 89% used [0x00000000c0000000,0x00000000caf12818,0x00000000cc480000)
 Metaspace       used 90177K, capacity 93735K, committed 94208K, reserved 1134592K
  class space    used 7873K, capacity 9059K, committed 9216K, reserved 1048576K
}
Event: 3797.835 GC heap before
{Heap before GC invocations=18855 (full 363):
 PSYoungGen      total 20992K, used 20430K [0x00000000eab00000, 0x00000000ec900000, 0x0000000100000000)
  eden space 11264K, 100% used [0x00000000eab00000,0x00000000eb600000,0x00000000eb600000)
  from space 9728K, 94% used [0x00000000ebf80000,0x00000000ec873850,0x00000000ec900000)
  to   space 9728K, 0% used [0x00000000eb600000,0x00000000eb600000,0x00000000ebf80000)
 ParOldGen       total 201216K, used 179274K [0x00000000c0000000, 0x00000000cc480000, 0x00000000eab00000)
  object space 201216K, 89% used [0x00000000c0000000,0x00000000caf12818,0x00000000cc480000)
 Metaspace       used 90202K, capacity 93735K, committed 94208K, reserved 1134592K
  class space    used 7873K, capacity 9059K, committed 9216K, reserved 1048576K
}
Event: 3797.844 GC heap after
{Heap after GC invocations=18855 (full 363):
 PSYoungGen      total 20992K, used 9715K [0x00000000eab00000, 0x00000000ecd00000, 0x0000000100000000)
  eden space 11264K, 0% used [0x00000000eab00000,0x00000000eab00000,0x00000000eb600000)
  from space 9728K, 99% used [0x00000000eb600000,0x00000000ebf7cd48,0x00000000ebf80000)
  to   space 11264K, 0% used [0x00000000ec200000,0x00000000ec200000,0x00000000ecd00000)
 ParOldGen       total 201216K, used 180114K [0x00000000c0000000, 0x00000000cc480000, 0x00000000eab00000)
  object space 201216K, 89% used [0x00000000c0000000,0x00000000cafe4818,0x00000000cc480000)
 Metaspace       used 90202K, capacity 93735K, committed 94208K, reserved 1134592K
  class space    used 7873K, capacity 9059K, committed 9216K, reserved 1048576K
}
Event: 3797.886 GC heap before
{Heap before GC invocations=18856 (full 363):
 PSYoungGen      total 20992K, used 20979K [0x00000000eab00000, 0x00000000ecd00000, 0x0000000100000000)
  eden space 11264K, 100% used [0x00000000eab00000,0x00000000eb600000,0x00000000eb600000)
  from space 9728K, 99% used [0x00000000eb600000,0x00000000ebf7cd48,0x00000000ebf80000)
  to   space 11264K, 0% used [0x00000000ec200000,0x00000000ec200000,0x00000000ecd00000)
 ParOldGen       total 201216K, used 180114K [0x00000000c0000000, 0x00000000cc480000, 0x00000000eab00000)
  object space 201216K, 89% used [0x00000000c0000000,0x00000000cafe4818,0x00000000cc480000)
 Metaspace       used 90222K, capacity 93799K, committed 94208K, reserved 1134592K
  class space    used 7873K, capacity 9059K, committed 9216K, reserved 1048576K
}
Event: 3797.895 GC heap after
{Heap after GC invocations=18856 (full 363):
 PSYoungGen      total 18944K, used 6270K [0x00000000eab00000, 0x00000000ec880000, 0x0000000100000000)
  eden space 12288K, 0% used [0x00000000eab00000,0x00000000eab00000,0x00000000eb700000)
  from space 6656K, 94% used [0x00000000ec200000,0x00000000ec81f850,0x00000000ec880000)
  to   space 8192K, 0% used [0x00000000eb880000,0x00000000eb880000,0x00000000ec080000)
 ParOldGen       total 201216K, used 184752K [0x00000000c0000000, 0x00000000cc480000, 0x00000000eab00000)
  object space 201216K, 91% used [0x00000000c0000000,0x00000000cb46c2c8,0x00000000cc480000)
 Metaspace       used 90222K, capacity 93799K, committed 94208K, reserved 1134592K
  class space    used 7873K, capacity 9059K, committed 9216K, reserved 1048576K
}
Event: 3797.925 GC heap before
{Heap before GC invocations=18857 (full 363):
 PSYoungGen      total 18944K, used 18558K [0x00000000eab00000, 0x00000000ec880000, 0x0000000100000000)
  eden space 12288K, 100% used [0x00000000eab00000,0x00000000eb700000,0x00000000eb700000)
  from space 6656K, 94% used [0x00000000ec200000,0x00000000ec81f850,0x00000000ec880000)
  to   space 8192K, 0% used [0x00000000eb880000,0x00000000eb880000,0x00000000ec080000)
 ParOldGen       total 201216K, used 184752K [0x00000000c0000000, 0x00000000cc480000, 0x00000000eab00000)
  object space 201216K, 91% used [0x00000000c0000000,0x00000000cb46c2c8,0x00000000cc480000)
 Metaspace       used 90222K, capacity 93799K, committed 94208K, reserved 1134592K
  class space    used 7873K, capacity 9059K, committed 9216K, reserved 1048576K
}
Event: 3797.934 GC heap after
{Heap after GC invocations=18857 (full 363):
 PSYoungGen      total 21504K, used 7348K [0x00000000eab00000, 0x00000000ec780000, 0x0000000100000000)
  eden space 13824K, 0% used [0x00000000eab00000,0x00000000eab00000,0x00000000eb880000)
  from space 7680K, 95% used [0x00000000eb880000,0x00000000ebfad098,0x00000000ec000000)
  to   space 7680K, 0% used [0x00000000ec000000,0x00000000ec000000,0x00000000ec780000)
 ParOldGen       total 201216K, used 184752K [0x00000000c0000000, 0x00000000cc480000, 0x00000000eab00000)
  object space 201216K, 91% used [0x00000000c0000000,0x00000000cb46c2c8,0x00000000cc480000)
 Metaspace       used 90222K, capacity 93799K, committed 94208K, reserved 1134592K
  class space    used 7873K, capacity 9059K, committed 9216K, reserved 1048576K
}
Event: 3797.992 GC heap before
{Heap before GC invocations=18858 (full 363):
 PSYoungGen      total 21504K, used 21172K [0x00000000eab00000, 0x00000000ec780000, 0x0000000100000000)
  eden space 13824K, 100% used [0x00000000eab00000,0x00000000eb880000,0x00000000eb880000)
  from space 7680K, 95% used [0x00000000eb880000,0x00000000ebfad098,0x00000000ec000000)
  to   space 7680K, 0% used [0x00000000ec000000,0x00000000ec000000,0x00000000ec780000)
 ParOldGen       total 201216K, used 184752K [0x00000000c0000000, 0x00000000cc480000, 0x00000000eab00000)
  object space 201216K, 91% used [0x00000000c0000000,0x00000000cb46c2c8,0x00000000cc480000)
 Metaspace       used 90222K, capacity 93799K, committed 94208K, reserved 1134592K
  class space    used 7873K, capacity 9059K, committed 9216K, reserved 1048576K
}
Event: 3798.002 GC heap after
{Heap after GC invocations=18858 (full 363):
 PSYoungGen      total 20480K, used 7669K [0x00000000eab00000, 0x00000000ecb00000, 0x0000000100000000)
  eden space 12800K, 0% used [0x00000000eab00000,0x00000000eab00000,0x00000000eb780000)
  from space 7680K, 99% used [0x00000000ec000000,0x00000000ec77d428,0x00000000ec780000)
  to   space 8704K, 0% used [0x00000000eb780000,0x00000000eb780000,0x00000000ec000000)
 ParOldGen       total 201216K, used 185337K [0x00000000c0000000, 0x00000000cc480000, 0x00000000eab00000)
  object space 201216K, 92% used [0x00000000c0000000,0x00000000cb4fe6f0,0x00000000cc480000)
 Metaspace       used 90222K, capacity 93799K, committed 94208K, reserved 1134592K
  class space    used 7873K, capacity 9059K, committed 9216K, reserved 1048576K
}
Event: 3798.046 GC heap before
{Heap before GC invocations=18859 (full 363):
 PSYoungGen      total 20480K, used 20469K [0x00000000eab00000, 0x00000000ecb00000, 0x0000000100000000)
  eden space 12800K, 100% used [0x00000000eab00000,0x00000000eb780000,0x00000000eb780000)
  from space 7680K, 99% used [0x00000000ec000000,0x00000000ec77d428,0x00000000ec780000)
  to   space 8704K, 0% used [0x00000000eb780000,0x00000000eb780000,0x00000000ec000000)
 ParOldGen       total 201216K, used 185337K [0x00000000c0000000, 0x00000000cc480000, 0x00000000eab00000)
  object space 201216K, 92% used [0x00000000c0000000,0x00000000cb4fe6f0,0x00000000cc480000)
 Metaspace       used 90223K, capacity 93799K, committed 94208K, reserved 1134592K
  class space    used 7873K, capacity 9059K, committed 9216K, reserved 1048576K
}
Event: 3798.058 GC heap after
{Heap after GC invocations=18859 (full 363):
 PSYoungGen      total 18944K, used 5706K [0x00000000eab00000, 0x00000000ec600000, 0x0000000100000000)
  eden space 12800K, 0% used [0x00000000eab00000,0x00000000eab00000,0x00000000eb780000)
  from space 6144K, 92% used [0x00000000eb780000,0x00000000ebd12b90,0x00000000ebd80000)
  to   space 6656K, 0% used [0x00000000ebf80000,0x00000000ebf80000,0x00000000ec600000)
 ParOldGen       total 201216K, used 188554K [0x00000000c0000000, 0x00000000cc480000, 0x00000000eab00000)
  object space 201216K, 93% used [0x00000000c0000000,0x00000000cb822a00,0x00000000cc480000)
 Metaspace       used 90223K, capacity 93799K, committed 94208K, reserved 1134592K
  class space    used 7873K, capacity 9059K, committed 9216K, reserved 1048576K
}

